[cuocsongmuonmau.my.canva.site/index.html]
[backblue.gif]
[fade.gif]
[index.html]
[cuocsongmuonmau.my.canva.site/26387fa4f5b1e3f7b6217b27d79bf264.png]
[cuocsongmuonmau.my.canva.site/2d0b56e7e51cf11036ad8734bdb67e2d.png]
[cuocsongmuonmau.my.canva.site/725b756a69a7d4c235070e51acd85560.png]
[cuocsongmuonmau.my.canva.site/fonts/f8f199f09526f79e87644ed227e0f651.woff2]
[cuocsongmuonmau.my.canva.site/fonts/98c4d2c0223fc8474641c77f923528e9.woff2]
[cuocsongmuonmau.my.canva.site/fonts/d257a7100844bc3f98c9021168b6249e.woff2]
[cuocsongmuonmau.my.canva.site/fonts/1060345c54d396e76d73f1da7ee200bd.woff2]
[cuocsongmuonmau.my.canva.site/fonts/5be759eb40695885179b7bf24f6fa8a1.woff2]
[cuocsongmuonmau.my.canva.site/fonts/4e279f8d41b13fbd15324354038380cd.woff2]
[cuocsongmuonmau.my.canva.site/fonts/dfbdce5f4fa70393a9e63dca4e5fe80f.woff2]
[cuocsongmuonmau.my.canva.site/fonts/af1832b8ffa0c876227efaa01d2525e6.woff2]
[cuocsongmuonmau.my.canva.site/fonts/3ab74af9da2b53fee33f625453c42c71.woff2]
[cuocsongmuonmau.my.canva.site/images/38f5d3528a4a7c8c259576f78c0b2910.jpg]
[cuocsongmuonmau.my.canva.site/videos/4695d692a31268989999eccc467f604a.gif]
[cuocsongmuonmau.my.canva.site/'data_image/png;base64,']
[cuocsongmuonmau.my.canva.site/images/e0389e7ed3f4003b8883f8f74afdd9d5.jpg]
[cuocsongmuonmau.my.canva.site/images/a38b378cc319bf8923a49f441ac97d6c.svg]
[cuocsongmuonmau.my.canva.site/images/192210ad7151ebb930b2f77b02d4ca00.svg]
[cuocsongmuonmau.my.canva.site/images/7dad96c40ec386885be78d24662c5958.svg]
[cuocsongmuonmau.my.canva.site/videos/c9e5da10eeaf8d1b2be7d81359d6e3dc.gif]
[cuocsongmuonmau.my.canva.site/videos/90a3852e3251dc56f96c6dcbebdf8e7b.gif]
[cuocsongmuonmau.my.canva.site/images/871b8ae1f83574869bb69cf5927d2acb.svg]
[cuocsongmuonmau.my.canva.site/images/520a2e81392a3937ddd7c41606a65acc.svg]
[cuocsongmuonmau.my.canva.site/images/c9e74d8210825230177e3cebee22391c.svg]
[cuocsongmuonmau.my.canva.site/videos/792b6da1a9a4353e1b4a5fe61d4794f9.gif]
[cuocsongmuonmau.my.canva.site/index.html]
[cuocsongmuonmau.my.canva.site/'data_image/png;base64,'.html]
[cuocsongmuonmau.my.canva.site/images/a38b378cc319bf8923a49f441ac97d6c.svg]
[cuocsongmuonmau.my.canva.site/images/192210ad7151ebb930b2f77b02d4ca00.svg]
[cuocsongmuonmau.my.canva.site/images/7dad96c40ec386885be78d24662c5958.svg]
[cuocsongmuonmau.my.canva.site/images/871b8ae1f83574869bb69cf5927d2acb.svg]
[cuocsongmuonmau.my.canva.site/images/520a2e81392a3937ddd7c41606a65acc.svg]
[cuocsongmuonmau.my.canva.site/images/c9e74d8210825230177e3cebee22391c.svg]
[cuocsongmuonmau.my.canva.site/js/939898b427480d700449229ff00dbb8a6f9f77442b532f697866e6914ab8843a.js]
